<?xml version="1.0" encoding="UTF-8"?>
<testng-results ignored="0" total="1" passed="1" failed="0" skipped="0">
  <reporter-output>
  </reporter-output>
  <suite started-at="2022-11-28T23:53:15 IST" name="Default suite" finished-at="2022-11-28T23:53:19 IST" duration-ms="4113">
    <groups>
      <group name="cucumber">
        <method signature="AbstractTestNGCucumberTests.runScenario(io.cucumber.testng.PickleWrapper,io.cucumber.testng.FeatureWrapper)[pri:0, instance:runner.runner@21e360a]" name="runScenario" class="io.cucumber.testng.AbstractTestNGCucumberTests"/>
      </group> <!-- cucumber -->
    </groups>
    <test started-at="2022-11-28T23:53:15 IST" name="Default test" finished-at="2022-11-28T23:53:19 IST" duration-ms="4113">
      <class name="runner.runner">
        <test-method is-config="true" signature="setUpClass()[pri:0, instance:runner.runner@21e360a]" started-at="2022-11-28T23:53:15 IST" name="setUpClass" finished-at="2022-11-28T23:53:15 IST" duration-ms="230" status="PASS">
          <reporter-output>
          </reporter-output>
        </test-method> <!-- setUpClass -->
        <test-method signature="runScenario(io.cucumber.testng.PickleWrapper,io.cucumber.testng.FeatureWrapper)[pri:0, instance:runner.runner@21e360a]" started-at="2022-11-28T23:53:15 IST" name="runScenario" description="Runs Cucumber Scenarios" data-provider="scenarios" finished-at="2022-11-28T23:53:19 IST" duration-ms="3831" status="PASS">
          <params>
            <param index="0">
              <value>
                <![CDATA["Payconiq Regression - Response Payload validations - Validate the response when we try to returns a specific booking based upon the booking id provided"]]>
              </value>
            </param>
            <param index="1">
              <value>
                <![CDATA["Optional[Validation of the cases when we have valid values for Create booking]"]]>
              </value>
            </param>
          </params>
          <reporter-output>
          </reporter-output>
        </test-method> <!-- runScenario -->
        <test-method is-config="true" signature="tearDownClass()[pri:0, instance:runner.runner@21e360a]" started-at="2022-11-28T23:53:19 IST" name="tearDownClass" finished-at="2022-11-28T23:53:19 IST" duration-ms="6" status="PASS">
          <reporter-output>
          </reporter-output>
        </test-method> <!-- tearDownClass -->
      </class> <!-- runner.runner -->
    </test> <!-- Default test -->
  </suite> <!-- Default suite -->
</testng-results>
